<?xml version="1.0" encoding="UTF-8"?>
<testsuite xmlns:xsi="http://www.w3.org/2001/XMLSchema-instance" xsi:noNamespaceSchemaLocation="https://maven.apache.org/surefire/maven-surefire-plugin/xsd/surefire-test-report-3.0.xsd" version="3.0" name="br.com.spring.security.SpringSecurityApplicationTests" time="2.463" tests="1" errors="0" skipped="0" failures="0">
  <properties>
[...]
</properties>
  <testcase name="contextLoads" classname="br.com.spring.security.SpringSecurityApplicationTests" time="0.841">
    <system-out><![CDATA[07:27:45.894 [main] INFO org.springframework.test.context.support.AnnotationConfigContextLoaderUtils -- Could not detect default configuration classes for test class [br.com.spring.security.SpringSecurityApplicationTests]: SpringSecurityApplicationTests does not declare any static, non-private, non-final, nested classes annotated with @Configuration.
07:27:45.969 [main] INFO org.springframework.boot.test.context.SpringBootTestContextBootstrapper -- Found @SpringBootConfiguration br.com.spring.security.SpringSecurityApplication for test class br.com.spring.security.SpringSecurityApplicationTests

  .   ____          _            __ _ _
 /\\ / ___'_ __ _ _(_)_ __  __ _ \ \ \ \
( ( )\___ | '_ | '_| | '_ \/ _` | \ \ \ \
 \\/  ___)| |_)| | | | | || (_| |  ) ) ) )
  '  |____| .__|_| |_|_| |_\__, | / / / /
 =========|_|==============|___/=/_/_/_/
 :: Spring Boot ::                (v3.1.0)

2023-06-12T07:27:46.279-03:00  INFO 29088 --- [           main] b.c.s.s.SpringSecurityApplicationTests   : Starting SpringSecurityApplicationTests using Java 17.0.6 with PID 29088 (started by marcosvieira in C:\Users\marcosvieira\Desktop\GitHub\springSecurity)
2023-06-12T07:27:46.280-03:00  INFO 29088 --- [           main] b.c.s.s.SpringSecurityApplicationTests   : No active profile set, falling back to 1 default profile: "default"
2023-06-12T07:27:47.000-03:00  INFO 29088 --- [           main] o.s.s.w.a.c.ChannelProcessingFilter      : Validated configuration attributes
2023-06-12T07:27:47.001-03:00  INFO 29088 --- [           main] o.s.s.web.DefaultSecurityFilterChain     : Will secure any request with [org.springframework.security.web.session.DisableEncodeUrlFilter@60d6fdd4, org.springframework.security.web.access.channel.ChannelProcessingFilter@44d64d4e, org.springframework.security.web.context.request.async.WebAsyncManagerIntegrationFilter@66f28a1f, org.springframework.security.web.context.SecurityContextHolderFilter@45e9b12d, org.springframework.security.web.header.HeaderWriterFilter@7cca01a8, br.com.spring.security.config.KeyAuthFilter@60a19573, org.springframework.security.web.savedrequest.RequestCacheAwareFilter@2d55e826, org.springframework.security.web.servletapi.SecurityContextHolderAwareRequestFilter@3003827c, org.springframework.security.web.authentication.AnonymousAuthenticationFilter@44a085e5, org.springframework.security.web.session.SessionManagementFilter@35c9a231, org.springframework.security.web.access.ExceptionTranslationFilter@692dba54, org.springframework.security.web.access.intercept.AuthorizationFilter@1c7350b0]
2023-06-12T07:27:47.097-03:00  WARN 29088 --- [           main] o.s.s.c.a.web.builders.WebSecurity       : You are asking Spring Security to ignore Mvc [pattern='/actuator']. This is not recommended -- please use permitAll via HttpSecurity#authorizeHttpRequests instead.
2023-06-12T07:27:47.097-03:00  INFO 29088 --- [           main] o.s.s.web.DefaultSecurityFilterChain     : Will not secure Mvc [pattern='/actuator']
2023-06-12T07:27:47.097-03:00  WARN 29088 --- [           main] o.s.s.c.a.web.builders.WebSecurity       : You are asking Spring Security to ignore Mvc [pattern='/actuator/**']. This is not recommended -- please use permitAll via HttpSecurity#authorizeHttpRequests instead.
2023-06-12T07:27:47.098-03:00  INFO 29088 --- [           main] o.s.s.web.DefaultSecurityFilterChain     : Will not secure Mvc [pattern='/actuator/**']
2023-06-12T07:27:47.098-03:00  WARN 29088 --- [           main] o.s.s.c.a.web.builders.WebSecurity       : You are asking Spring Security to ignore Mvc [pattern='/v3/api-docs/**']. This is not recommended -- please use permitAll via HttpSecurity#authorizeHttpRequests instead.
2023-06-12T07:27:47.098-03:00  INFO 29088 --- [           main] o.s.s.web.DefaultSecurityFilterChain     : Will not secure Mvc [pattern='/v3/api-docs/**']
2023-06-12T07:27:47.098-03:00  WARN 29088 --- [           main] o.s.s.c.a.web.builders.WebSecurity       : You are asking Spring Security to ignore Mvc [pattern='/swagger-ui.html']. This is not recommended -- please use permitAll via HttpSecurity#authorizeHttpRequests instead.
2023-06-12T07:27:47.098-03:00  INFO 29088 --- [           main] o.s.s.web.DefaultSecurityFilterChain     : Will not secure Mvc [pattern='/swagger-ui.html']
2023-06-12T07:27:47.098-03:00  WARN 29088 --- [           main] o.s.s.c.a.web.builders.WebSecurity       : You are asking Spring Security to ignore Mvc [pattern='/swagger-ui/**']. This is not recommended -- please use permitAll via HttpSecurity#authorizeHttpRequests instead.
2023-06-12T07:27:47.098-03:00  INFO 29088 --- [           main] o.s.s.web.DefaultSecurityFilterChain     : Will not secure Mvc [pattern='/swagger-ui/**']
2023-06-12T07:27:47.392-03:00  INFO 29088 --- [           main] b.c.s.s.SpringSecurityApplicationTests   : Started SpringSecurityApplicationTests in 1.309 seconds (process running for 2.064)
]]></system-out>
  </testcase>
</testsuite>